2025-02-11 21:42:41,987 INFO: Hivemind Insights startup [in E:\WindsurfProjects\hivemind-python\insights\app.py:20]
2025-02-11 21:42:42,890 INFO: Hivemind Insights startup [in E:\WindsurfProjects\hivemind-python\insights\app.py:20]
2025-02-11 21:44:35,126 INFO: Hivemind Insights startup [in E:\WindsurfProjects\hivemind-python\insights\app.py:20]
2025-02-11 21:44:35,986 INFO: Hivemind Insights startup [in E:\WindsurfProjects\hivemind-python\insights\app.py:20]
2025-02-11 21:46:34,626 INFO: Hivemind Insights startup [in E:\WindsurfProjects\hivemind-python\insights\app.py:20]
2025-02-11 21:46:35,502 INFO: Hivemind Insights startup [in E:\WindsurfProjects\hivemind-python\insights\app.py:20]
2025-02-11 21:47:21,695 INFO: Hivemind Insights startup [in E:\WindsurfProjects\hivemind-python\insights\app.py:20]
2025-02-11 21:47:22,605 INFO: Hivemind Insights startup [in E:\WindsurfProjects\hivemind-python\insights\app.py:20]
2025-02-11 21:49:02,438 INFO: Hivemind Insights startup [in E:\WindsurfProjects\hivemind-python\insights\app.py:20]
2025-02-11 21:49:03,337 INFO: Hivemind Insights startup [in E:\WindsurfProjects\hivemind-python\insights\app.py:20]
2025-02-11 21:50:35,166 INFO: Hivemind Insights startup [in E:\WindsurfProjects\hivemind-python\insights\app.py:20]
2025-02-11 21:50:36,112 INFO: Hivemind Insights startup [in E:\WindsurfProjects\hivemind-python\insights\app.py:20]
2025-02-11 21:53:22,704 INFO: Hivemind Insights startup [in E:\WindsurfProjects\hivemind-python\insights\app.py:20]
2025-02-11 21:53:23,605 INFO: Hivemind Insights startup [in E:\WindsurfProjects\hivemind-python\insights\app.py:20]
2025-02-11 21:53:53,414 INFO: === USING NEW CODE VERSION - NO RESULTS CALCULATION === [in E:\WindsurfProjects\hivemind-python\insights\app.py:33]
2025-02-11 21:53:53,414 INFO: Attempting to load state from IPFS with CID: QmReKtkVWYqsxHxsJvU63SdTZdT2PRCWvoHuV2U9JS1kp1 [in E:\WindsurfProjects\hivemind-python\insights\app.py:34]
2025-02-11 21:53:53,420 INFO: Successfully connected to IPFS daemon [in E:\WindsurfProjects\hivemind-python\insights\app.py:39]
2025-02-11 21:53:53,426 INFO: Successfully read raw data from IPFS [in E:\WindsurfProjects\hivemind-python\insights\app.py:44]
2025-02-11 21:56:58,547 INFO: Hivemind Insights startup [in E:\WindsurfProjects\hivemind-python\insights\app.py:20]
2025-02-11 21:56:59,430 INFO: Hivemind Insights startup [in E:\WindsurfProjects\hivemind-python\insights\app.py:20]
2025-02-11 21:57:05,320 INFO: === USING NEW CODE VERSION - NO RESULTS CALCULATION === [in E:\WindsurfProjects\hivemind-python\insights\app.py:33]
2025-02-11 21:57:05,320 INFO: Attempting to load state from IPFS with CID: QmReKtkVWYqsxHxsJvU63SdTZdT2PRCWvoHuV2U9JS1kp1 [in E:\WindsurfProjects\hivemind-python\insights\app.py:34]
2025-02-11 21:57:05,326 INFO: Successfully connected to IPFS daemon [in E:\WindsurfProjects\hivemind-python\insights\app.py:39]
2025-02-11 21:57:05,331 INFO: Successfully read raw data from IPFS [in E:\WindsurfProjects\hivemind-python\insights\app.py:44]
